<?xml version="1.0" encoding="UTF-8"?>
<testsuite xmlns:xsi="http://www.w3.org/2001/XMLSchema-instance" xsi:noNamespaceSchemaLocation="https://maven.apache.org/surefire/maven-surefire-plugin/xsd/surefire-test-report-3.0.xsd" version="3.0" name="JunitTestRunner.TestRunner" time="0.739" tests="17" errors="0" skipped="0" failures="0">
  <properties>
    <property name="sun.desktop" value="windows"/>
    <property name="awt.toolkit" value="sun.awt.windows.WToolkit"/>
    <property name="file.encoding.pkg" value="sun.io"/>
    <property name="java.specification.version" value="1.8"/>
    <property name="sun.cpu.isalist" value="amd64"/>
    <property name="sun.jnu.encoding" value="Cp1252"/>
    <property name="java.class.path" value="D:\software\cucumber\autooo\target\test-classes;D:\software\cucumber\autooo\target\classes;C:\Users\shara\.m2\repository\io\cucumber\cucumber-java\6.10.4\cucumber-java-6.10.4.jar;C:\Users\shara\.m2\repository\io\cucumber\cucumber-core\6.10.4\cucumber-core-6.10.4.jar;C:\Users\shara\.m2\repository\io\cucumber\cucumber-gherkin\6.10.4\cucumber-gherkin-6.10.4.jar;C:\Users\shara\.m2\repository\io\cucumber\cucumber-gherkin-messages\6.10.4\cucumber-gherkin-messages-6.10.4.jar;C:\Users\shara\.m2\repository\io\cucumber\messages\15.0.0\messages-15.0.0.jar;C:\Users\shara\.m2\repository\io\cucumber\tag-expressions\3.0.1\tag-expressions-3.0.1.jar;C:\Users\shara\.m2\repository\io\cucumber\cucumber-expressions\10.3.0\cucumber-expressions-10.3.0.jar;C:\Users\shara\.m2\repository\io\cucumber\datatable\3.5.0\datatable-3.5.0.jar;C:\Users\shara\.m2\repository\io\cucumber\cucumber-plugin\6.10.4\cucumber-plugin-6.10.4.jar;C:\Users\shara\.m2\repository\io\cucumber\docstring\6.10.4\docstring-6.10.4.jar;C:\Users\shara\.m2\repository\io\cucumber\html-formatter\13.0.0\html-formatter-13.0.0.jar;C:\Users\shara\.m2\repository\io\cucumber\create-meta\4.0.0\create-meta-4.0.0.jar;C:\Users\shara\.m2\repository\org\apiguardian\apiguardian-api\1.1.1\apiguardian-api-1.1.1.jar;C:\Users\shara\.m2\repository\io\cucumber\cucumber-junit\6.10.4\cucumber-junit-6.10.4.jar;C:\Users\shara\.m2\repository\junit\junit\4.11\junit-4.11.jar;C:\Users\shara\.m2\repository\org\hamcrest\hamcrest-core\1.3\hamcrest-core-1.3.jar;"/>
    <property name="java.vm.vendor" value="Oracle Corporation"/>
    <property name="sun.arch.data.model" value="64"/>
    <property name="user.variant" value=""/>
    <property name="java.vendor.url" value="http://java.oracle.com/"/>
    <property name="user.timezone" value="America/New_York"/>
    <property name="java.vm.specification.version" value="1.8"/>
    <property name="os.name" value="Windows 10"/>
    <property name="user.country" value="US"/>
    <property name="sun.java.launcher" value="SUN_STANDARD"/>
    <property name="sun.boot.library.path" value="C:\Program Files\Java\jdk1.8.0_301\jre\bin"/>
    <property name="sun.java.command" value="C:\Users\shara\AppData\Local\Temp\surefire960610804528153993\surefirebooter7647023158407383575.jar C:\Users\shara\AppData\Local\Temp\surefire960610804528153993 2021-08-07T15-21-44_058-jvmRun1 surefire7974369460132205247tmp surefire_01941574188704419120tmp"/>
    <property name="surefire.test.class.path" value="D:\software\cucumber\autooo\target\test-classes;D:\software\cucumber\autooo\target\classes;C:\Users\shara\.m2\repository\io\cucumber\cucumber-java\6.10.4\cucumber-java-6.10.4.jar;C:\Users\shara\.m2\repository\io\cucumber\cucumber-core\6.10.4\cucumber-core-6.10.4.jar;C:\Users\shara\.m2\repository\io\cucumber\cucumber-gherkin\6.10.4\cucumber-gherkin-6.10.4.jar;C:\Users\shara\.m2\repository\io\cucumber\cucumber-gherkin-messages\6.10.4\cucumber-gherkin-messages-6.10.4.jar;C:\Users\shara\.m2\repository\io\cucumber\messages\15.0.0\messages-15.0.0.jar;C:\Users\shara\.m2\repository\io\cucumber\tag-expressions\3.0.1\tag-expressions-3.0.1.jar;C:\Users\shara\.m2\repository\io\cucumber\cucumber-expressions\10.3.0\cucumber-expressions-10.3.0.jar;C:\Users\shara\.m2\repository\io\cucumber\datatable\3.5.0\datatable-3.5.0.jar;C:\Users\shara\.m2\repository\io\cucumber\cucumber-plugin\6.10.4\cucumber-plugin-6.10.4.jar;C:\Users\shara\.m2\repository\io\cucumber\docstring\6.10.4\docstring-6.10.4.jar;C:\Users\shara\.m2\repository\io\cucumber\html-formatter\13.0.0\html-formatter-13.0.0.jar;C:\Users\shara\.m2\repository\io\cucumber\create-meta\4.0.0\create-meta-4.0.0.jar;C:\Users\shara\.m2\repository\org\apiguardian\apiguardian-api\1.1.1\apiguardian-api-1.1.1.jar;C:\Users\shara\.m2\repository\io\cucumber\cucumber-junit\6.10.4\cucumber-junit-6.10.4.jar;C:\Users\shara\.m2\repository\junit\junit\4.11\junit-4.11.jar;C:\Users\shara\.m2\repository\org\hamcrest\hamcrest-core\1.3\hamcrest-core-1.3.jar;"/>
    <property name="sun.cpu.endian" value="little"/>
    <property name="user.home" value="C:\Users\shara"/>
    <property name="user.language" value="en"/>
    <property name="java.specification.vendor" value="Oracle Corporation"/>
    <property name="java.home" value="C:\Program Files\Java\jdk1.8.0_301\jre"/>
    <property name="basedir" value="D:\software\cucumber\autooo"/>
    <property name="file.separator" value="\"/>
    <property name="line.separator" value="&#10;"/>
    <property name="java.vm.specification.vendor" value="Oracle Corporation"/>
    <property name="java.specification.name" value="Java Platform API Specification"/>
    <property name="java.awt.graphicsenv" value="sun.awt.Win32GraphicsEnvironment"/>
    <property name="surefire.real.class.path" value="C:\Users\shara\AppData\Local\Temp\surefire960610804528153993\surefirebooter7647023158407383575.jar"/>
    <property name="sun.boot.class.path" value="C:\Program Files\Java\jdk1.8.0_301\jre\lib\resources.jar;C:\Program Files\Java\jdk1.8.0_301\jre\lib\rt.jar;C:\Program Files\Java\jdk1.8.0_301\jre\lib\sunrsasign.jar;C:\Program Files\Java\jdk1.8.0_301\jre\lib\jsse.jar;C:\Program Files\Java\jdk1.8.0_301\jre\lib\jce.jar;C:\Program Files\Java\jdk1.8.0_301\jre\lib\charsets.jar;C:\Program Files\Java\jdk1.8.0_301\jre\lib\jfr.jar;C:\Program Files\Java\jdk1.8.0_301\jre\classes"/>
    <property name="user.script" value=""/>
    <property name="sun.management.compiler" value="HotSpot 64-Bit Tiered Compilers"/>
    <property name="java.runtime.version" value="1.8.0_301-b09"/>
    <property name="user.name" value="shara"/>
    <property name="path.separator" value=";"/>
    <property name="os.version" value="10.0"/>
    <property name="java.endorsed.dirs" value="C:\Program Files\Java\jdk1.8.0_301\jre\lib\endorsed"/>
    <property name="java.runtime.name" value="Java(TM) SE Runtime Environment"/>
    <property name="file.encoding" value="Cp1252"/>
    <property name="java.vm.name" value="Java HotSpot(TM) 64-Bit Server VM"/>
    <property name="localRepository" value="C:\Users\shara\.m2\repository"/>
    <property name="java.vendor.url.bug" value="http://bugreport.sun.com/bugreport/"/>
    <property name="java.io.tmpdir" value="C:\Users\shara\AppData\Local\Temp\"/>
    <property name="java.version" value="1.8.0_301"/>
    <property name="user.dir" value="D:\software\cucumber\autooo"/>
    <property name="os.arch" value="amd64"/>
    <property name="java.vm.specification.name" value="Java Virtual Machine Specification"/>
    <property name="java.awt.printerjob" value="sun.awt.windows.WPrinterJob"/>
    <property name="sun.os.patch.level" value=""/>
    <property name="java.library.path" value="C:\Program Files\Java\jdk1.8.0_301\jre\bin;C:\WINDOWS\Sun\Java\bin;C:\WINDOWS\system32;C:\WINDOWS;C:\Program Files (x86)\Common Files\Oracle\Java\javapath;C:\WINDOWS\system32;C:\WINDOWS;C:\WINDOWS\System32\Wbem;C:\WINDOWS\System32\WindowsPowerShell\v1.0\;C:\Program Files\Intel\WiFi\bin\;C:\Program Files\Common Files\Intel\WirelessCommon\;C:\WINDOWS\System32\OpenSSH\;C:\Program Files\Java\jdk1.8.0_301;\bin;C:\Program Files (x86)\Intel\Intel(R) Management Engine Components\DAL;C:\Program Files\Intel\Intel(R) Management Engine Components\DAL;C:\Users\shara\AppData\Local\Android\Sdk;C:\Users\shara\AppData\Local\Android\Sdk\platform-tools;C:\Users\shara\AppData\Local\Android\Sdk\tools;C:\Users\shara\AppData\Local\Android\Sdk\tools\bin;C:\Program Files\dotnet\;C:\Program Files (x86)\nodejs\;C:\Users\shara\AppData\Local\Programs\Python\Python39;C:\Program Files\apache-maven-3.8.1\bin;C:\Users\shara\AppData\Local\Microsoft\WindowsApps;C:\Program Files\JetBrains\PyCharm Community Edition 2019.3.1\bin;C:\Users\shara\AppData\Local\Programs\Microsoft VS Code\bin;C:\Users\shara\AppData\Local\Microsoft\WindowsApps;C:\Users\shara\AppData\Roaming\npm;C:\Program Files\apache-maven-3.8.1\bin;C:\Program Files\Java\jdk1.8.0_301\bin;;."/>
    <property name="java.vm.info" value="mixed mode"/>
    <property name="java.vendor" value="Oracle Corporation"/>
    <property name="java.vm.version" value="25.301-b09"/>
    <property name="java.ext.dirs" value="C:\Program Files\Java\jdk1.8.0_301\jre\lib\ext;C:\WINDOWS\Sun\Java\lib\ext"/>
    <property name="sun.io.unicode.encoding" value="UnicodeLittle"/>
    <property name="java.class.version" value="52.0"/>
  </properties>
  <testcase name="Facebook homepage is displayed" classname="Entering Username and Pwd #2" time="0.005">
    <system-out><![CDATA[Facebook homepage displayed
]]></system-out>
  </testcase>
  <testcase name="login in the application with &quot;user&quot; and &quot;pwd&quot; and click login button" classname="Entering Username and Pwd #2" time="0.002">
    <system-out><![CDATA["user"
"pwd"
]]></system-out>
  </testcase>
  <testcase name="home page is populated" classname="Entering Username and Pwd #2" time="0.002">
    <system-out><![CDATA[home page displayed
]]></system-out>
  </testcase>
  <testcase name="validate sharan and 12" classname="Entering Username and Pwd #2" time="0.001">
    <system-out><![CDATA[sharan
12
]]></system-out>
  </testcase>
  <testcase name="" classname="Entering Username and Pwd #2" time="0.002"/>
  <testcase name="Facebook homepage is displayed" classname="Entering Username and Pwd #3" time="0.001">
    <system-out><![CDATA[Facebook homepage displayed
]]></system-out>
  </testcase>
  <testcase name="login in the application with &quot;user&quot; and &quot;pwd&quot; and click login button" classname="Entering Username and Pwd #3" time="0.004">
    <system-out><![CDATA["user"
"pwd"
]]></system-out>
  </testcase>
  <testcase name="home page is populated" classname="Entering Username and Pwd #3" time="0.001">
    <system-out><![CDATA[home page displayed
]]></system-out>
  </testcase>
  <testcase name="validate dhina and 12" classname="Entering Username and Pwd #3" time="0.001">
    <system-out><![CDATA[dhina
12
]]></system-out>
  </testcase>
  <testcase name="" classname="Entering Username and Pwd #3" time="0.001"/>
  <testcase name="Facebook homepage is displayed" classname="Entering Username and Pwd #4" time="0.002">
    <system-out><![CDATA[Facebook homepage displayed
]]></system-out>
  </testcase>
  <testcase name="login in the application with &quot;user&quot; and &quot;pwd&quot; and click login button" classname="Entering Username and Pwd #4" time="0.002">
    <system-out><![CDATA["user"
"pwd"
]]></system-out>
  </testcase>
  <testcase name="home page is populated" classname="Entering Username and Pwd #4" time="0.001">
    <system-out><![CDATA[home page displayed
]]></system-out>
  </testcase>
  <testcase name="validate jaashvi and 15" classname="Entering Username and Pwd #4" time="0.001">
    <system-out><![CDATA[jaashvi
15
]]></system-out>
  </testcase>
  <testcase name="" classname="Entering Username and Pwd #4" time="0.001"/>
  <testcase name="checking pipepline datattables" classname="Pipeline checking" time="0.001">
    <system-out><![CDATA[hello
]]></system-out>
  </testcase>
  <testcase name="" classname="Pipeline checking" time="0.001"/>
</testsuite>